[0.613s] Invoking command in '/ros2_ws/src/task_manager_nav2': PYTHONPATH=/ros2_ws/build/task_manager_nav2/prefix_override:/ros2_ws/install/task_manager_nav2/lib/python3.10/site-packages:${PYTHONPATH} /usr/bin/python3 setup.py egg_info --egg-base ../../build/task_manager_nav2 build --build-base /ros2_ws/build/task_manager_nav2/build install --record /ros2_ws/build/task_manager_nav2/install.log --single-version-externally-managed
[0.805s] running egg_info
[0.806s] writing ../../build/task_manager_nav2/task_manager_nav2.egg-info/PKG-INFO
[0.806s] writing dependency_links to ../../build/task_manager_nav2/task_manager_nav2.egg-info/dependency_links.txt
[0.806s] writing entry points to ../../build/task_manager_nav2/task_manager_nav2.egg-info/entry_points.txt
[0.807s] writing requirements to ../../build/task_manager_nav2/task_manager_nav2.egg-info/requires.txt
[0.807s] writing top-level names to ../../build/task_manager_nav2/task_manager_nav2.egg-info/top_level.txt
[0.808s] reading manifest file '../../build/task_manager_nav2/task_manager_nav2.egg-info/SOURCES.txt'
[0.809s] writing manifest file '../../build/task_manager_nav2/task_manager_nav2.egg-info/SOURCES.txt'
[0.809s] running build
[0.810s] running build_py
[0.810s] copying task_manager_nav2/node.py -> /ros2_ws/build/task_manager_nav2/build/lib/task_manager_nav2
[0.810s] copying task_manager_nav2/basic_navigator.py -> /ros2_ws/build/task_manager_nav2/build/lib/task_manager_nav2
[0.810s] running install
[0.810s] /usr/lib/python3/dist-packages/setuptools/command/install.py:34: SetuptoolsDeprecationWarning: setup.py install is deprecated. Use build and pip and other standards-based tools.
[0.810s]   warnings.warn(
[0.811s] running install_lib
[0.811s] copying /ros2_ws/build/task_manager_nav2/build/lib/task_manager_nav2/node.py -> /ros2_ws/install/task_manager_nav2/lib/python3.10/site-packages/task_manager_nav2
[0.811s] copying /ros2_ws/build/task_manager_nav2/build/lib/task_manager_nav2/basic_navigator.py -> /ros2_ws/install/task_manager_nav2/lib/python3.10/site-packages/task_manager_nav2
[0.813s] byte-compiling /ros2_ws/install/task_manager_nav2/lib/python3.10/site-packages/task_manager_nav2/node.py to node.cpython-310.pyc
[0.813s] byte-compiling /ros2_ws/install/task_manager_nav2/lib/python3.10/site-packages/task_manager_nav2/basic_navigator.py to basic_navigator.cpython-310.pyc
[0.814s] running install_data
[0.815s] running install_egg_info
[0.816s] removing '/ros2_ws/install/task_manager_nav2/lib/python3.10/site-packages/task_manager_nav2-0.0.0-py3.10.egg-info' (and everything under it)
[0.816s] Copying ../../build/task_manager_nav2/task_manager_nav2.egg-info to /ros2_ws/install/task_manager_nav2/lib/python3.10/site-packages/task_manager_nav2-0.0.0-py3.10.egg-info
[0.817s] running install_scripts
[0.837s] Installing task_manager script to /ros2_ws/install/task_manager_nav2/lib/task_manager_nav2
[0.838s] writing list of installed files to '/ros2_ws/build/task_manager_nav2/install.log'
[0.859s] Invoked command in '/ros2_ws/src/task_manager_nav2' returned '0': PYTHONPATH=/ros2_ws/build/task_manager_nav2/prefix_override:/ros2_ws/install/task_manager_nav2/lib/python3.10/site-packages:${PYTHONPATH} /usr/bin/python3 setup.py egg_info --egg-base ../../build/task_manager_nav2 build --build-base /ros2_ws/build/task_manager_nav2/build install --record /ros2_ws/build/task_manager_nav2/install.log --single-version-externally-managed
