running egg_info
creating ../../build/task_manager_nav2/task_manager_nav2.egg-info
writing ../../build/task_manager_nav2/task_manager_nav2.egg-info/PKG-INFO
writing dependency_links to ../../build/task_manager_nav2/task_manager_nav2.egg-info/dependency_links.txt
writing entry points to ../../build/task_manager_nav2/task_manager_nav2.egg-info/entry_points.txt
writing requirements to ../../build/task_manager_nav2/task_manager_nav2.egg-info/requires.txt
writing top-level names to ../../build/task_manager_nav2/task_manager_nav2.egg-info/top_level.txt
writing manifest file '../../build/task_manager_nav2/task_manager_nav2.egg-info/SOURCES.txt'
reading manifest file '../../build/task_manager_nav2/task_manager_nav2.egg-info/SOURCES.txt'
writing manifest file '../../build/task_manager_nav2/task_manager_nav2.egg-info/SOURCES.txt'
running build
running build_py
creating /ros2_ws/build/task_manager_nav2/build
creating /ros2_ws/build/task_manager_nav2/build/lib
creating /ros2_ws/build/task_manager_nav2/build/lib/task_manager_nav2
copying task_manager_nav2/__init__.py -> /ros2_ws/build/task_manager_nav2/build/lib/task_manager_nav2
running install
/usr/lib/python3/dist-packages/setuptools/command/install.py:34: SetuptoolsDeprecationWarning: setup.py install is deprecated. Use build and pip and other standards-based tools.
  warnings.warn(
running install_lib
creating /ros2_ws/install/task_manager_nav2/lib/python3.10/site-packages/task_manager_nav2
copying /ros2_ws/build/task_manager_nav2/build/lib/task_manager_nav2/__init__.py -> /ros2_ws/install/task_manager_nav2/lib/python3.10/site-packages/task_manager_nav2
byte-compiling /ros2_ws/install/task_manager_nav2/lib/python3.10/site-packages/task_manager_nav2/__init__.py to __init__.cpython-310.pyc
running install_data
creating /ros2_ws/install/task_manager_nav2/share/ament_index
creating /ros2_ws/install/task_manager_nav2/share/ament_index/resource_index
creating /ros2_ws/install/task_manager_nav2/share/ament_index/resource_index/packages
copying resource/task_manager_nav2 -> /ros2_ws/install/task_manager_nav2/share/ament_index/resource_index/packages
copying package.xml -> /ros2_ws/install/task_manager_nav2/share/task_manager_nav2
running install_egg_info
Copying ../../build/task_manager_nav2/task_manager_nav2.egg-info to /ros2_ws/install/task_manager_nav2/lib/python3.10/site-packages/task_manager_nav2-0.0.0-py3.10.egg-info
running install_scripts
writing list of installed files to '/ros2_ws/build/task_manager_nav2/install.log'
