[1.035s] Invoking command in '/ros2_ws/src/task_manager_nav2': PYTHONPATH=/ros2_ws/build/task_manager_nav2/prefix_override:/ros2_ws/install/task_manager_nav2/lib/python3.10/site-packages:${PYTHONPATH} /usr/bin/python3 setup.py egg_info --egg-base ../../build/task_manager_nav2 build --build-base /ros2_ws/build/task_manager_nav2/build install --record /ros2_ws/build/task_manager_nav2/install.log --single-version-externally-managed
[1.226s] running egg_info
[1.226s] creating ../../build/task_manager_nav2/task_manager_nav2.egg-info
[1.226s] writing ../../build/task_manager_nav2/task_manager_nav2.egg-info/PKG-INFO
[1.226s] writing dependency_links to ../../build/task_manager_nav2/task_manager_nav2.egg-info/dependency_links.txt
[1.227s] writing entry points to ../../build/task_manager_nav2/task_manager_nav2.egg-info/entry_points.txt
[1.227s] writing requirements to ../../build/task_manager_nav2/task_manager_nav2.egg-info/requires.txt
[1.227s] writing top-level names to ../../build/task_manager_nav2/task_manager_nav2.egg-info/top_level.txt
[1.227s] writing manifest file '../../build/task_manager_nav2/task_manager_nav2.egg-info/SOURCES.txt'
[1.228s] reading manifest file '../../build/task_manager_nav2/task_manager_nav2.egg-info/SOURCES.txt'
[1.229s] writing manifest file '../../build/task_manager_nav2/task_manager_nav2.egg-info/SOURCES.txt'
[1.229s] running build
[1.230s] running build_py
[1.230s] creating /ros2_ws/build/task_manager_nav2/build
[1.230s] creating /ros2_ws/build/task_manager_nav2/build/lib
[1.230s] creating /ros2_ws/build/task_manager_nav2/build/lib/task_manager_nav2
[1.230s] copying task_manager_nav2/__init__.py -> /ros2_ws/build/task_manager_nav2/build/lib/task_manager_nav2
[1.230s] running install
[1.230s] /usr/lib/python3/dist-packages/setuptools/command/install.py:34: SetuptoolsDeprecationWarning: setup.py install is deprecated. Use build and pip and other standards-based tools.
[1.230s]   warnings.warn(
[1.231s] running install_lib
[1.232s] creating /ros2_ws/install/task_manager_nav2/lib/python3.10/site-packages/task_manager_nav2
[1.232s] copying /ros2_ws/build/task_manager_nav2/build/lib/task_manager_nav2/__init__.py -> /ros2_ws/install/task_manager_nav2/lib/python3.10/site-packages/task_manager_nav2
[1.233s] byte-compiling /ros2_ws/install/task_manager_nav2/lib/python3.10/site-packages/task_manager_nav2/__init__.py to __init__.cpython-310.pyc
[1.233s] running install_data
[1.234s] creating /ros2_ws/install/task_manager_nav2/share/ament_index
[1.234s] creating /ros2_ws/install/task_manager_nav2/share/ament_index/resource_index
[1.234s] creating /ros2_ws/install/task_manager_nav2/share/ament_index/resource_index/packages
[1.234s] copying resource/task_manager_nav2 -> /ros2_ws/install/task_manager_nav2/share/ament_index/resource_index/packages
[1.234s] copying package.xml -> /ros2_ws/install/task_manager_nav2/share/task_manager_nav2
[1.234s] running install_egg_info
[1.236s] Copying ../../build/task_manager_nav2/task_manager_nav2.egg-info to /ros2_ws/install/task_manager_nav2/lib/python3.10/site-packages/task_manager_nav2-0.0.0-py3.10.egg-info
[1.236s] running install_scripts
[1.255s] writing list of installed files to '/ros2_ws/build/task_manager_nav2/install.log'
[1.277s] Invoked command in '/ros2_ws/src/task_manager_nav2' returned '0': PYTHONPATH=/ros2_ws/build/task_manager_nav2/prefix_override:/ros2_ws/install/task_manager_nav2/lib/python3.10/site-packages:${PYTHONPATH} /usr/bin/python3 setup.py egg_info --egg-base ../../build/task_manager_nav2 build --build-base /ros2_ws/build/task_manager_nav2/build install --record /ros2_ws/build/task_manager_nav2/install.log --single-version-externally-managed
